Analysis & Synthesis report for pd_project1
Sat Apr 09 22:21:12 2022
Quartus Prime Version 19.1.0 Build 670 09/22/2019 SJ Lite Edition


---------------------
; Table of Contents ;
---------------------
  1. Legal Notice
  2. Analysis & Synthesis Summary
  3. Analysis & Synthesis Settings
  4. Parallel Compilation
  5. Analysis & Synthesis Source Files Read
  6. Analysis & Synthesis Resource Usage Summary
  7. Analysis & Synthesis Resource Utilization by Entity
  8. General Register Statistics
  9. Inverted Register Statistics
 10. Multiplexer Restructuring Statistics (Restructuring Performed)
 11. Port Connectivity Checks: "sll:barrel_shifter|mux:m_0_15"
 12. Port Connectivity Checks: "sll:barrel_shifter|mux:m_1_14"
 13. Port Connectivity Checks: "sll:barrel_shifter|mux:m_1_15"
 14. Port Connectivity Checks: "sll:barrel_shifter|mux:m_2_12"
 15. Port Connectivity Checks: "sll:barrel_shifter|mux:m_2_13"
 16. Port Connectivity Checks: "sll:barrel_shifter|mux:m_2_14"
 17. Port Connectivity Checks: "sll:barrel_shifter|mux:m_2_15"
 18. Port Connectivity Checks: "sll:barrel_shifter|mux:m_3_8"
 19. Port Connectivity Checks: "sll:barrel_shifter|mux:m_3_9"
 20. Port Connectivity Checks: "sll:barrel_shifter|mux:m_3_10"
 21. Port Connectivity Checks: "sll:barrel_shifter|mux:m_3_11"
 22. Port Connectivity Checks: "sll:barrel_shifter|mux:m_3_12"
 23. Port Connectivity Checks: "sll:barrel_shifter|mux:m_3_13"
 24. Port Connectivity Checks: "sll:barrel_shifter|mux:m_3_14"
 25. Port Connectivity Checks: "sll:barrel_shifter|mux:m_3_15"
 26. Post-Synthesis Netlist Statistics for Top Partition
 27. Elapsed Time Per Partition
 28. Analysis & Synthesis Messages



----------------
; Legal Notice ;
----------------
Copyright (C) 2019  Intel Corporation. All rights reserved.
Your use of Intel Corporation's design tools, logic functions 
and other software and tools, and any partner logic 
functions, and any output files from any of the foregoing 
(including device programming or simulation files), and any 
associated documentation or information are expressly subject 
to the terms and conditions of the Intel Program License 
Subscription Agreement, the Intel Quartus Prime License Agreement,
the Intel FPGA IP License Agreement, or other applicable license
agreement, including, without limitation, that your use is for
the sole purpose of programming logic devices manufactured by
Intel and sold by Intel or its authorized distributors.  Please
refer to the applicable agreement for further details, at
https://fpgasoftware.intel.com/eula.



+-------------------------------------------------------------------------------+
; Analysis & Synthesis Summary                                                  ;
+---------------------------------+---------------------------------------------+
; Analysis & Synthesis Status     ; Successful - Sat Apr 09 22:21:12 2022       ;
; Quartus Prime Version           ; 19.1.0 Build 670 09/22/2019 SJ Lite Edition ;
; Revision Name                   ; pd_project1                                 ;
; Top-level Entity Name           ; pd_project1                                 ;
; Family                          ; Cyclone V                                   ;
; Logic utilization (in ALMs)     ; N/A                                         ;
; Total registers                 ; 4338                                        ;
; Total pins                      ; 280                                         ;
; Total virtual pins              ; 0                                           ;
; Total block memory bits         ; 0                                           ;
; Total DSP Blocks                ; 0                                           ;
; Total HSSI RX PCSs              ; 0                                           ;
; Total HSSI PMA RX Deserializers ; 0                                           ;
; Total HSSI TX PCSs              ; 0                                           ;
; Total HSSI PMA TX Serializers   ; 0                                           ;
; Total PLLs                      ; 0                                           ;
; Total DLLs                      ; 0                                           ;
+---------------------------------+---------------------------------------------+


+---------------------------------------------------------------------------------------------------------------------------+
; Analysis & Synthesis Settings                                                                                             ;
+---------------------------------------------------------------------------------+--------------------+--------------------+
; Option                                                                          ; Setting            ; Default Value      ;
+---------------------------------------------------------------------------------+--------------------+--------------------+
; Device                                                                          ; 5CGXFC7C7F23C8     ;                    ;
; Top-level entity name                                                           ; pd_project1        ; pd_project1        ;
; Family name                                                                     ; Cyclone V          ; Cyclone V          ;
; Use smart compilation                                                           ; Off                ; Off                ;
; Enable parallel Assembler and Timing Analyzer during compilation                ; On                 ; On                 ;
; Enable compact report table                                                     ; Off                ; Off                ;
; Restructure Multiplexers                                                        ; Auto               ; Auto               ;
; MLAB Add Timing Constraints For Mixed-Port Feed-Through Mode Setting Don't Care ; Off                ; Off                ;
; Create Debugging Nodes for IP Cores                                             ; Off                ; Off                ;
; Preserve fewer node names                                                       ; On                 ; On                 ;
; Intel FPGA IP Evaluation Mode                                                   ; Enable             ; Enable             ;
; Verilog Version                                                                 ; Verilog_2001       ; Verilog_2001       ;
; VHDL Version                                                                    ; VHDL_1993          ; VHDL_1993          ;
; State Machine Processing                                                        ; Auto               ; Auto               ;
; Safe State Machine                                                              ; Off                ; Off                ;
; Extract Verilog State Machines                                                  ; On                 ; On                 ;
; Extract VHDL State Machines                                                     ; On                 ; On                 ;
; Ignore Verilog initial constructs                                               ; Off                ; Off                ;
; Iteration limit for constant Verilog loops                                      ; 5000               ; 5000               ;
; Iteration limit for non-constant Verilog loops                                  ; 250                ; 250                ;
; Add Pass-Through Logic to Inferred RAMs                                         ; On                 ; On                 ;
; Infer RAMs from Raw Logic                                                       ; On                 ; On                 ;
; Parallel Synthesis                                                              ; On                 ; On                 ;
; DSP Block Balancing                                                             ; Auto               ; Auto               ;
; NOT Gate Push-Back                                                              ; On                 ; On                 ;
; Power-Up Don't Care                                                             ; On                 ; On                 ;
; Remove Redundant Logic Cells                                                    ; Off                ; Off                ;
; Remove Duplicate Registers                                                      ; On                 ; On                 ;
; Ignore CARRY Buffers                                                            ; Off                ; Off                ;
; Ignore CASCADE Buffers                                                          ; Off                ; Off                ;
; Ignore GLOBAL Buffers                                                           ; Off                ; Off                ;
; Ignore ROW GLOBAL Buffers                                                       ; Off                ; Off                ;
; Ignore LCELL Buffers                                                            ; Off                ; Off                ;
; Ignore SOFT Buffers                                                             ; On                 ; On                 ;
; Limit AHDL Integers to 32 Bits                                                  ; Off                ; Off                ;
; Optimization Technique                                                          ; Balanced           ; Balanced           ;
; Carry Chain Length                                                              ; 70                 ; 70                 ;
; Auto Carry Chains                                                               ; On                 ; On                 ;
; Auto Open-Drain Pins                                                            ; On                 ; On                 ;
; Perform WYSIWYG Primitive Resynthesis                                           ; Off                ; Off                ;
; Auto ROM Replacement                                                            ; On                 ; On                 ;
; Auto RAM Replacement                                                            ; On                 ; On                 ;
; Auto DSP Block Replacement                                                      ; On                 ; On                 ;
; Auto Shift Register Replacement                                                 ; Auto               ; Auto               ;
; Allow Shift Register Merging across Hierarchies                                 ; Auto               ; Auto               ;
; Auto Clock Enable Replacement                                                   ; On                 ; On                 ;
; Strict RAM Replacement                                                          ; Off                ; Off                ;
; Allow Synchronous Control Signals                                               ; On                 ; On                 ;
; Force Use of Synchronous Clear Signals                                          ; Off                ; Off                ;
; Auto Resource Sharing                                                           ; Off                ; Off                ;
; Allow Any RAM Size For Recognition                                              ; Off                ; Off                ;
; Allow Any ROM Size For Recognition                                              ; Off                ; Off                ;
; Allow Any Shift Register Size For Recognition                                   ; Off                ; Off                ;
; Use LogicLock Constraints during Resource Balancing                             ; On                 ; On                 ;
; Ignore translate_off and synthesis_off directives                               ; Off                ; Off                ;
; Timing-Driven Synthesis                                                         ; On                 ; On                 ;
; Report Parameter Settings                                                       ; On                 ; On                 ;
; Report Source Assignments                                                       ; On                 ; On                 ;
; Report Connectivity Checks                                                      ; On                 ; On                 ;
; Ignore Maximum Fan-Out Assignments                                              ; Off                ; Off                ;
; Synchronization Register Chain Length                                           ; 3                  ; 3                  ;
; Power Optimization During Synthesis                                             ; Normal compilation ; Normal compilation ;
; HDL message level                                                               ; Level2             ; Level2             ;
; Suppress Register Optimization Related Messages                                 ; Off                ; Off                ;
; Number of Removed Registers Reported in Synthesis Report                        ; 5000               ; 5000               ;
; Number of Swept Nodes Reported in Synthesis Report                              ; 5000               ; 5000               ;
; Number of Inverted Registers Reported in Synthesis Report                       ; 100                ; 100                ;
; Clock MUX Protection                                                            ; On                 ; On                 ;
; Auto Gated Clock Conversion                                                     ; Off                ; Off                ;
; Block Design Naming                                                             ; Auto               ; Auto               ;
; SDC constraint protection                                                       ; Off                ; Off                ;
; Synthesis Effort                                                                ; Auto               ; Auto               ;
; Shift Register Replacement - Allow Asynchronous Clear Signal                    ; On                 ; On                 ;
; Pre-Mapping Resynthesis Optimization                                            ; Off                ; Off                ;
; Analysis & Synthesis Message Level                                              ; Medium             ; Medium             ;
; Disable Register Merging Across Hierarchies                                     ; Auto               ; Auto               ;
; Resource Aware Inference For Block RAM                                          ; On                 ; On                 ;
; Automatic Parallel Synthesis                                                    ; On                 ; On                 ;
; Partial Reconfiguration Bitstream ID                                            ; Off                ; Off                ;
+---------------------------------------------------------------------------------+--------------------+--------------------+


+------------------------------------------+
; Parallel Compilation                     ;
+----------------------------+-------------+
; Processors                 ; Number      ;
+----------------------------+-------------+
; Number detected on machine ; 4           ;
; Maximum allowed            ; 4           ;
;                            ;             ;
; Average used               ; 1.00        ;
; Maximum used               ; 4           ;
;                            ;             ;
; Usage by Processor         ; % Time Used ;
;     Processor 1            ; 100.0%      ;
;     Processor 2            ;   0.1%      ;
;     Processor 3            ;   0.0%      ;
;     Processor 4            ;   0.0%      ;
+----------------------------+-------------+


+--------------------------------------------------------------------------------------------------------------------------------------------------------+
; Analysis & Synthesis Source Files Read                                                                                                                 ;
+----------------------------------+-----------------+------------------------------------+----------------------------------------------------+---------+
; File Name with User-Entered Path ; Used in Netlist ; File Type                          ; File Name with Absolute Path                       ; Library ;
+----------------------------------+-----------------+------------------------------------+----------------------------------------------------+---------+
; v/ctrl_unit.v                    ; yes             ; User Verilog HDL File              ; C:/Users/adity/Desktop/pd_project1/v/ctrl_unit.v   ;         ;
; v/mux16_8to1.v                   ; yes             ; User Verilog HDL File              ; C:/Users/adity/Desktop/pd_project1/v/mux16_8to1.v  ;         ;
; v/reg_file.v                     ; yes             ; User Verilog HDL File              ; C:/Users/adity/Desktop/pd_project1/v/reg_file.v    ;         ;
; v/sll.v                          ; yes             ; User Verilog HDL File              ; C:/Users/adity/Desktop/pd_project1/v/sll.v         ;         ;
; v/instr_mem.v                    ; yes             ; User Verilog HDL File              ; C:/Users/adity/Desktop/pd_project1/v/instr_mem.v   ;         ;
; v/data_memory.v                  ; yes             ; User Verilog HDL File              ; C:/Users/adity/Desktop/pd_project1/v/data_memory.v ;         ;
; v/alu.v                          ; yes             ; User Verilog HDL File              ; C:/Users/adity/Desktop/pd_project1/v/alu.v         ;         ;
; v/mux.v                          ; yes             ; User Verilog HDL File              ; C:/Users/adity/Desktop/pd_project1/v/mux.v         ;         ;
; v/add16.v                        ; yes             ; User Verilog HDL File              ; C:/Users/adity/Desktop/pd_project1/v/add16.v       ;         ;
; v/sign_ext6.v                    ; yes             ; User Verilog HDL File              ; C:/Users/adity/Desktop/pd_project1/v/sign_ext6.v   ;         ;
; v/sign_ext9.v                    ; yes             ; User Verilog HDL File              ; C:/Users/adity/Desktop/pd_project1/v/sign_ext9.v   ;         ;
; pd_project1.bdf                  ; yes             ; User Block Diagram/Schematic File  ; C:/Users/adity/Desktop/pd_project1/pd_project1.bdf ;         ;
; v/mux16.v                        ; yes             ; User Verilog HDL File              ; C:/Users/adity/Desktop/pd_project1/v/mux16.v       ;         ;
; v/alu_op_ctrl.v                  ; yes             ; User Verilog HDL File              ; C:/Users/adity/Desktop/pd_project1/v/alu_op_ctrl.v ;         ;
; v/mux3.v                         ; yes             ; User Verilog HDL File              ; C:/Users/adity/Desktop/pd_project1/v/mux3.v        ;         ;
; v/pc.v                           ; yes             ; User Verilog HDL File              ; C:/Users/adity/Desktop/pd_project1/v/pc.v          ;         ;
; v/cz.v                           ; yes             ; User Verilog HDL File              ; C:/Users/adity/Desktop/pd_project1/v/cz.v          ;         ;
; v/mux16_4to1.v                   ; yes             ; User Verilog HDL File              ; C:/Users/adity/Desktop/pd_project1/v/mux16_4to1.v  ;         ;
; v/pc_inc.v                       ; yes             ; User Verilog HDL File              ; C:/Users/adity/Desktop/pd_project1/v/pc_inc.v      ;         ;
; v/nop_wr.v                       ; yes             ; User Verilog HDL File              ; C:/Users/adity/Desktop/pd_project1/v/nop_wr.v      ;         ;
; v/reg_file2.v                    ; yes             ; User Verilog HDL File              ; C:/Users/adity/Desktop/pd_project1/v/reg_file2.v   ;         ;
; v/nop_reg_wr.v                   ; yes             ; User Verilog HDL File              ; C:/Users/adity/Desktop/pd_project1/v/nop_reg_wr.v  ;         ;
+----------------------------------+-----------------+------------------------------------+----------------------------------------------------+---------+


+---------------------------------------------------------+
; Analysis & Synthesis Resource Usage Summary             ;
+---------------------------------------------+-----------+
; Resource                                    ; Usage     ;
+---------------------------------------------+-----------+
; Estimate of Logic utilization (ALMs needed) ; 3116      ;
;                                             ;           ;
; Combinational ALUT usage for logic          ; 3139      ;
;     -- 7 input functions                    ; 15        ;
;     -- 6 input functions                    ; 1521      ;
;     -- 5 input functions                    ; 346       ;
;     -- 4 input functions                    ; 45        ;
;     -- <=3 input functions                  ; 1212      ;
;                                             ;           ;
; Dedicated logic registers                   ; 4338      ;
;                                             ;           ;
; I/O pins                                    ; 280       ;
;                                             ;           ;
; Total DSP Blocks                            ; 0         ;
;                                             ;           ;
; Maximum fan-out node                        ; clk~input ;
; Maximum fan-out                             ; 4338      ;
; Total fan-out                               ; 26080     ;
; Average fan-out                             ; 3.24      ;
+---------------------------------------------+-----------+


+----------------------------------------------------------------------------------------------------------------------------------------------------------------------------------------------------------------------+
; Analysis & Synthesis Resource Utilization by Entity                                                                                                                                                                  ;
+-----------------------------------+---------------------+---------------------------+-------------------+------------+------+--------------+--------------------------------------------+-------------+--------------+
; Compilation Hierarchy Node        ; Combinational ALUTs ; Dedicated Logic Registers ; Block Memory Bits ; DSP Blocks ; Pins ; Virtual Pins ; Full Hierarchy Name                        ; Entity Name ; Library Name ;
+-----------------------------------+---------------------+---------------------------+-------------------+------------+------+--------------+--------------------------------------------+-------------+--------------+
; |pd_project1                      ; 3139 (0)            ; 4338 (0)                  ; 0                 ; 0          ; 280  ; 0            ; |pd_project1                               ; pd_project1 ; work         ;
;    |add16:add1|                   ; 16 (16)             ; 0 (0)                     ; 0                 ; 0          ; 0    ; 0            ; |pd_project1|add16:add1                    ; add16       ; work         ;
;    |alu:alu|                      ; 63 (63)             ; 0 (0)                     ; 0                 ; 0          ; 0    ; 0            ; |pd_project1|alu:alu                       ; alu         ; work         ;
;    |alu_op_ctrl:alu_control_unit| ; 3 (3)               ; 0 (0)                     ; 0                 ; 0          ; 0    ; 0            ; |pd_project1|alu_op_ctrl:alu_control_unit  ; alu_op_ctrl ; work         ;
;    |ctrl_unit:ctrl_block|         ; 18 (18)             ; 0 (0)                     ; 0                 ; 0          ; 0    ; 0            ; |pd_project1|ctrl_unit:ctrl_block          ; ctrl_unit   ; work         ;
;    |cz:cz_reg|                    ; 3 (3)               ; 2 (2)                     ; 0                 ; 0          ; 0    ; 0            ; |pd_project1|cz:cz_reg                     ; cz          ; work         ;
;    |data_memory:data_mem|         ; 2704 (2704)         ; 4096 (4096)               ; 0                 ; 0          ; 0    ; 0            ; |pd_project1|data_memory:data_mem          ; data_memory ; work         ;
;    |instr_mem:instr_memory|       ; 31 (31)             ; 0 (0)                     ; 0                 ; 0          ; 0    ; 0            ; |pd_project1|instr_mem:instr_memory        ; instr_mem   ; work         ;
;    |mux16:m1|                     ; 2 (2)               ; 0 (0)                     ; 0                 ; 0          ; 0    ; 0            ; |pd_project1|mux16:m1                      ; mux16       ; work         ;
;    |mux16:m4|                     ; 6 (6)               ; 0 (0)                     ; 0                 ; 0          ; 0    ; 0            ; |pd_project1|mux16:m4                      ; mux16       ; work         ;
;    |mux16:m5|                     ; 18 (18)             ; 0 (0)                     ; 0                 ; 0          ; 0    ; 0            ; |pd_project1|mux16:m5                      ; mux16       ; work         ;
;    |mux16_4to1:m8|                ; 16 (16)             ; 0 (0)                     ; 0                 ; 0          ; 0    ; 0            ; |pd_project1|mux16_4to1:m8                 ; mux16_4to1  ; work         ;
;    |mux16_8to1:m7|                ; 16 (16)             ; 0 (0)                     ; 0                 ; 0          ; 0    ; 0            ; |pd_project1|mux16_8to1:m7                 ; mux16_8to1  ; work         ;
;    |mux3:m2|                      ; 3 (3)               ; 0 (0)                     ; 0                 ; 0          ; 0    ; 0            ; |pd_project1|mux3:m2                       ; mux3        ; work         ;
;    |nop_wr:c_nop_wr|              ; 1 (1)               ; 0 (0)                     ; 0                 ; 0          ; 0    ; 0            ; |pd_project1|nop_wr:c_nop_wr               ; nop_wr      ; work         ;
;    |pc:prog_counter|              ; 1 (1)               ; 16 (16)                   ; 0                 ; 0          ; 0    ; 0            ; |pd_project1|pc:prog_counter               ; pc          ; work         ;
;    |pc_inc:pc_incrementer|        ; 16 (16)             ; 0 (0)                     ; 0                 ; 0          ; 0    ; 0            ; |pd_project1|pc_inc:pc_incrementer         ; pc_inc      ; work         ;
;    |reg_file2:inst|               ; 49 (49)             ; 112 (112)                 ; 0                 ; 0          ; 0    ; 0            ; |pd_project1|reg_file2:inst                ; reg_file2   ; work         ;
;    |reg_file:register_file|       ; 137 (137)           ; 112 (112)                 ; 0                 ; 0          ; 0    ; 0            ; |pd_project1|reg_file:register_file        ; reg_file    ; work         ;
;    |sll:barrel_shifter|           ; 36 (0)              ; 0 (0)                     ; 0                 ; 0          ; 0    ; 0            ; |pd_project1|sll:barrel_shifter            ; sll         ; work         ;
;       |mux:m_0_0|                 ; 1 (1)               ; 0 (0)                     ; 0                 ; 0          ; 0    ; 0            ; |pd_project1|sll:barrel_shifter|mux:m_0_0  ; mux         ; work         ;
;       |mux:m_0_10|                ; 1 (1)               ; 0 (0)                     ; 0                 ; 0          ; 0    ; 0            ; |pd_project1|sll:barrel_shifter|mux:m_0_10 ; mux         ; work         ;
;       |mux:m_0_11|                ; 1 (1)               ; 0 (0)                     ; 0                 ; 0          ; 0    ; 0            ; |pd_project1|sll:barrel_shifter|mux:m_0_11 ; mux         ; work         ;
;       |mux:m_0_12|                ; 1 (1)               ; 0 (0)                     ; 0                 ; 0          ; 0    ; 0            ; |pd_project1|sll:barrel_shifter|mux:m_0_12 ; mux         ; work         ;
;       |mux:m_0_13|                ; 1 (1)               ; 0 (0)                     ; 0                 ; 0          ; 0    ; 0            ; |pd_project1|sll:barrel_shifter|mux:m_0_13 ; mux         ; work         ;
;       |mux:m_0_14|                ; 2 (2)               ; 0 (0)                     ; 0                 ; 0          ; 0    ; 0            ; |pd_project1|sll:barrel_shifter|mux:m_0_14 ; mux         ; work         ;
;       |mux:m_0_15|                ; 1 (1)               ; 0 (0)                     ; 0                 ; 0          ; 0    ; 0            ; |pd_project1|sll:barrel_shifter|mux:m_0_15 ; mux         ; work         ;
;       |mux:m_0_1|                 ; 1 (1)               ; 0 (0)                     ; 0                 ; 0          ; 0    ; 0            ; |pd_project1|sll:barrel_shifter|mux:m_0_1  ; mux         ; work         ;
;       |mux:m_0_2|                 ; 1 (1)               ; 0 (0)                     ; 0                 ; 0          ; 0    ; 0            ; |pd_project1|sll:barrel_shifter|mux:m_0_2  ; mux         ; work         ;
;       |mux:m_0_3|                 ; 1 (1)               ; 0 (0)                     ; 0                 ; 0          ; 0    ; 0            ; |pd_project1|sll:barrel_shifter|mux:m_0_3  ; mux         ; work         ;
;       |mux:m_0_4|                 ; 1 (1)               ; 0 (0)                     ; 0                 ; 0          ; 0    ; 0            ; |pd_project1|sll:barrel_shifter|mux:m_0_4  ; mux         ; work         ;
;       |mux:m_0_5|                 ; 1 (1)               ; 0 (0)                     ; 0                 ; 0          ; 0    ; 0            ; |pd_project1|sll:barrel_shifter|mux:m_0_5  ; mux         ; work         ;
;       |mux:m_0_6|                 ; 1 (1)               ; 0 (0)                     ; 0                 ; 0          ; 0    ; 0            ; |pd_project1|sll:barrel_shifter|mux:m_0_6  ; mux         ; work         ;
;       |mux:m_0_7|                 ; 1 (1)               ; 0 (0)                     ; 0                 ; 0          ; 0    ; 0            ; |pd_project1|sll:barrel_shifter|mux:m_0_7  ; mux         ; work         ;
;       |mux:m_0_8|                 ; 1 (1)               ; 0 (0)                     ; 0                 ; 0          ; 0    ; 0            ; |pd_project1|sll:barrel_shifter|mux:m_0_8  ; mux         ; work         ;
;       |mux:m_0_9|                 ; 1 (1)               ; 0 (0)                     ; 0                 ; 0          ; 0    ; 0            ; |pd_project1|sll:barrel_shifter|mux:m_0_9  ; mux         ; work         ;
;       |mux:m_1_0|                 ; 2 (2)               ; 0 (0)                     ; 0                 ; 0          ; 0    ; 0            ; |pd_project1|sll:barrel_shifter|mux:m_1_0  ; mux         ; work         ;
;       |mux:m_1_10|                ; 1 (1)               ; 0 (0)                     ; 0                 ; 0          ; 0    ; 0            ; |pd_project1|sll:barrel_shifter|mux:m_1_10 ; mux         ; work         ;
;       |mux:m_1_1|                 ; 1 (1)               ; 0 (0)                     ; 0                 ; 0          ; 0    ; 0            ; |pd_project1|sll:barrel_shifter|mux:m_1_1  ; mux         ; work         ;
;       |mux:m_1_2|                 ; 1 (1)               ; 0 (0)                     ; 0                 ; 0          ; 0    ; 0            ; |pd_project1|sll:barrel_shifter|mux:m_1_2  ; mux         ; work         ;
;       |mux:m_1_3|                 ; 4 (4)               ; 0 (0)                     ; 0                 ; 0          ; 0    ; 0            ; |pd_project1|sll:barrel_shifter|mux:m_1_3  ; mux         ; work         ;
;       |mux:m_1_4|                 ; 2 (2)               ; 0 (0)                     ; 0                 ; 0          ; 0    ; 0            ; |pd_project1|sll:barrel_shifter|mux:m_1_4  ; mux         ; work         ;
;       |mux:m_1_5|                 ; 2 (2)               ; 0 (0)                     ; 0                 ; 0          ; 0    ; 0            ; |pd_project1|sll:barrel_shifter|mux:m_1_5  ; mux         ; work         ;
;       |mux:m_1_6|                 ; 1 (1)               ; 0 (0)                     ; 0                 ; 0          ; 0    ; 0            ; |pd_project1|sll:barrel_shifter|mux:m_1_6  ; mux         ; work         ;
;       |mux:m_1_7|                 ; 1 (1)               ; 0 (0)                     ; 0                 ; 0          ; 0    ; 0            ; |pd_project1|sll:barrel_shifter|mux:m_1_7  ; mux         ; work         ;
;       |mux:m_1_8|                 ; 1 (1)               ; 0 (0)                     ; 0                 ; 0          ; 0    ; 0            ; |pd_project1|sll:barrel_shifter|mux:m_1_8  ; mux         ; work         ;
;       |mux:m_1_9|                 ; 3 (3)               ; 0 (0)                     ; 0                 ; 0          ; 0    ; 0            ; |pd_project1|sll:barrel_shifter|mux:m_1_9  ; mux         ; work         ;
+-----------------------------------+---------------------+---------------------------+-------------------+------------+------+--------------+--------------------------------------------+-------------+--------------+
Note: For table entries with two numbers listed, the numbers in parentheses indicate the number of resources of the given type used by the specific entity alone. The numbers listed outside of parentheses indicate the total resources of the given type used by the specific entity and all of its sub-entities in the hierarchy.


+------------------------------------------------------+
; General Register Statistics                          ;
+----------------------------------------------+-------+
; Statistic                                    ; Value ;
+----------------------------------------------+-------+
; Total registers                              ; 4338  ;
; Number of registers using Synchronous Clear  ; 0     ;
; Number of registers using Synchronous Load   ; 0     ;
; Number of registers using Asynchronous Clear ; 0     ;
; Number of registers using Asynchronous Load  ; 0     ;
; Number of registers using Clock Enable       ; 4320  ;
; Number of registers using Preset             ; 0     ;
+----------------------------------------------+-------+


+---------------------------------------------------+
; Inverted Register Statistics                      ;
+-----------------------------------------+---------+
; Inverted Register                       ; Fan out ;
+-----------------------------------------+---------+
; reg_file2:inst|reg_array[0][15]         ; 1       ;
; reg_file2:inst|reg_array[0][14]         ; 1       ;
; reg_file2:inst|reg_array[0][13]         ; 1       ;
; reg_file2:inst|reg_array[0][12]         ; 1       ;
; reg_file2:inst|reg_array[0][11]         ; 1       ;
; reg_file2:inst|reg_array[0][10]         ; 1       ;
; reg_file2:inst|reg_array[0][9]          ; 1       ;
; reg_file2:inst|reg_array[0][8]          ; 1       ;
; reg_file2:inst|reg_array[0][7]          ; 1       ;
; reg_file2:inst|reg_array[0][6]          ; 1       ;
; reg_file2:inst|reg_array[0][5]          ; 1       ;
; reg_file2:inst|reg_array[0][4]          ; 1       ;
; reg_file2:inst|reg_array[0][3]          ; 1       ;
; reg_file2:inst|reg_array[0][2]          ; 1       ;
; reg_file2:inst|reg_array[0][1]          ; 1       ;
; reg_file2:inst|reg_array[0][0]          ; 1       ;
; reg_file2:inst|reg_array[1][0]          ; 1       ;
; reg_file2:inst|reg_array[3][0]          ; 1       ;
; reg_file2:inst|reg_array[4][15]         ; 1       ;
; reg_file2:inst|reg_array[4][14]         ; 1       ;
; reg_file2:inst|reg_array[4][13]         ; 1       ;
; reg_file2:inst|reg_array[4][12]         ; 1       ;
; reg_file2:inst|reg_array[4][11]         ; 1       ;
; reg_file2:inst|reg_array[4][10]         ; 1       ;
; reg_file2:inst|reg_array[4][9]          ; 1       ;
; reg_file2:inst|reg_array[4][8]          ; 1       ;
; reg_file2:inst|reg_array[4][7]          ; 1       ;
; reg_file2:inst|reg_array[4][6]          ; 1       ;
; reg_file2:inst|reg_array[4][5]          ; 1       ;
; reg_file2:inst|reg_array[4][4]          ; 1       ;
; reg_file2:inst|reg_array[4][3]          ; 1       ;
; reg_file2:inst|reg_array[4][2]          ; 1       ;
; reg_file2:inst|reg_array[4][1]          ; 1       ;
; reg_file2:inst|reg_array[5][14]         ; 1       ;
; reg_file2:inst|reg_array[5][13]         ; 1       ;
; reg_file2:inst|reg_array[5][10]         ; 1       ;
; reg_file2:inst|reg_array[5][9]          ; 1       ;
; reg_file2:inst|reg_array[5][8]          ; 1       ;
; reg_file2:inst|reg_array[5][7]          ; 1       ;
; reg_file2:inst|reg_array[5][3]          ; 1       ;
; reg_file2:inst|reg_array[5][0]          ; 1       ;
; reg_file2:inst|reg_array[6][14]         ; 1       ;
; reg_file2:inst|reg_array[6][13]         ; 1       ;
; reg_file2:inst|reg_array[6][10]         ; 1       ;
; reg_file2:inst|reg_array[6][9]          ; 1       ;
; reg_file2:inst|reg_array[6][8]          ; 1       ;
; reg_file2:inst|reg_array[6][7]          ; 1       ;
; reg_file2:inst|reg_array[6][3]          ; 1       ;
; reg_file2:inst|reg_array[6][0]          ; 1       ;
; Total number of inverted registers = 49 ;         ;
+-----------------------------------------+---------+


+------------------------------------------------------------------------------------------------------------------------------------------------------------+
; Multiplexer Restructuring Statistics (Restructuring Performed)                                                                                             ;
+--------------------+-----------+---------------+----------------------+------------------------+------------+----------------------------------------------+
; Multiplexer Inputs ; Bus Width ; Baseline Area ; Area if Restructured ; Saving if Restructured ; Registered ; Example Multiplexer Output                   ;
+--------------------+-----------+---------------+----------------------+------------------------+------------+----------------------------------------------+
; 9:1                ; 16 bits   ; 96 LEs        ; 32 LEs               ; 64 LEs                 ; Yes        ; |pd_project1|pc:prog_counter|pc[5]           ;
; 4:1                ; 5 bits    ; 10 LEs        ; 10 LEs               ; 0 LEs                  ; No         ; |pd_project1|sll:barrel_shifter|mux:m_1_6|y  ;
; 4:1                ; 3 bits    ; 6 LEs         ; 6 LEs                ; 0 LEs                  ; No         ; |pd_project1|sll:barrel_shifter|mux:m_1_9|y  ;
; 4:1                ; 5 bits    ; 10 LEs        ; 10 LEs               ; 0 LEs                  ; No         ; |pd_project1|sll:barrel_shifter|mux:m_0_14|y ;
; 4:1                ; 16 bits   ; 32 LEs        ; 32 LEs               ; 0 LEs                  ; No         ; |pd_project1|alu:alu|Mux7                    ;
; 4:1                ; 2 bits    ; 4 LEs         ; 4 LEs                ; 0 LEs                  ; No         ; |pd_project1|mux3:m2|Mux2                    ;
; 4:1                ; 16 bits   ; 32 LEs        ; 32 LEs               ; 0 LEs                  ; No         ; |pd_project1|mux16_4to1:m8|Mux3              ;
+--------------------+-----------+---------------+----------------------+------------------------+------------+----------------------------------------------+


+----------------------------------------------------------------------------------------------------------------------------------------------------------------------------------------------------------------+
; Port Connectivity Checks: "sll:barrel_shifter|mux:m_0_15"                                                                                                                                                      ;
+--------+-------+----------+------------------------------------------------------------------------------------------------------------------------------------------------------------------------------------+
; Port   ; Type  ; Severity ; Details                                                                                                                                                                            ;
+--------+-------+----------+------------------------------------------------------------------------------------------------------------------------------------------------------------------------------------+
; i1     ; Input ; Warning  ; Input port expression (32 bits) is wider than the input port (1 bits) it drives.  The 31 most-significant bit(s) in the expression will be dangling if they have no other fanouts. ;
; i1[-1] ; Input ; Info     ; Stuck at GND                                                                                                                                                                       ;
+--------+-------+----------+------------------------------------------------------------------------------------------------------------------------------------------------------------------------------------+


+----------------------------------------------------------------------------------------------------------------------------------------------------------------------------------------------------------------+
; Port Connectivity Checks: "sll:barrel_shifter|mux:m_1_14"                                                                                                                                                      ;
+--------+-------+----------+------------------------------------------------------------------------------------------------------------------------------------------------------------------------------------+
; Port   ; Type  ; Severity ; Details                                                                                                                                                                            ;
+--------+-------+----------+------------------------------------------------------------------------------------------------------------------------------------------------------------------------------------+
; i1     ; Input ; Warning  ; Input port expression (32 bits) is wider than the input port (1 bits) it drives.  The 31 most-significant bit(s) in the expression will be dangling if they have no other fanouts. ;
; i1[-1] ; Input ; Info     ; Stuck at GND                                                                                                                                                                       ;
+--------+-------+----------+------------------------------------------------------------------------------------------------------------------------------------------------------------------------------------+


+----------------------------------------------------------------------------------------------------------------------------------------------------------------------------------------------------------------+
; Port Connectivity Checks: "sll:barrel_shifter|mux:m_1_15"                                                                                                                                                      ;
+--------+-------+----------+------------------------------------------------------------------------------------------------------------------------------------------------------------------------------------+
; Port   ; Type  ; Severity ; Details                                                                                                                                                                            ;
+--------+-------+----------+------------------------------------------------------------------------------------------------------------------------------------------------------------------------------------+
; i1     ; Input ; Warning  ; Input port expression (32 bits) is wider than the input port (1 bits) it drives.  The 31 most-significant bit(s) in the expression will be dangling if they have no other fanouts. ;
; i1[-1] ; Input ; Info     ; Stuck at GND                                                                                                                                                                       ;
+--------+-------+----------+------------------------------------------------------------------------------------------------------------------------------------------------------------------------------------+


+----------------------------------------------------------------------------------------------------------------------------------------------------------------------------------------------------------------+
; Port Connectivity Checks: "sll:barrel_shifter|mux:m_2_12"                                                                                                                                                      ;
+--------+-------+----------+------------------------------------------------------------------------------------------------------------------------------------------------------------------------------------+
; Port   ; Type  ; Severity ; Details                                                                                                                                                                            ;
+--------+-------+----------+------------------------------------------------------------------------------------------------------------------------------------------------------------------------------------+
; i1     ; Input ; Warning  ; Input port expression (32 bits) is wider than the input port (1 bits) it drives.  The 31 most-significant bit(s) in the expression will be dangling if they have no other fanouts. ;
; i1[-1] ; Input ; Info     ; Stuck at GND                                                                                                                                                                       ;
+--------+-------+----------+------------------------------------------------------------------------------------------------------------------------------------------------------------------------------------+


+----------------------------------------------------------------------------------------------------------------------------------------------------------------------------------------------------------------+
; Port Connectivity Checks: "sll:barrel_shifter|mux:m_2_13"                                                                                                                                                      ;
+--------+-------+----------+------------------------------------------------------------------------------------------------------------------------------------------------------------------------------------+
; Port   ; Type  ; Severity ; Details                                                                                                                                                                            ;
+--------+-------+----------+------------------------------------------------------------------------------------------------------------------------------------------------------------------------------------+
; i1     ; Input ; Warning  ; Input port expression (32 bits) is wider than the input port (1 bits) it drives.  The 31 most-significant bit(s) in the expression will be dangling if they have no other fanouts. ;
; i1[-1] ; Input ; Info     ; Stuck at GND                                                                                                                                                                       ;
+--------+-------+----------+------------------------------------------------------------------------------------------------------------------------------------------------------------------------------------+


+----------------------------------------------------------------------------------------------------------------------------------------------------------------------------------------------------------------+
; Port Connectivity Checks: "sll:barrel_shifter|mux:m_2_14"                                                                                                                                                      ;
+--------+-------+----------+------------------------------------------------------------------------------------------------------------------------------------------------------------------------------------+
; Port   ; Type  ; Severity ; Details                                                                                                                                                                            ;
+--------+-------+----------+------------------------------------------------------------------------------------------------------------------------------------------------------------------------------------+
; i1     ; Input ; Warning  ; Input port expression (32 bits) is wider than the input port (1 bits) it drives.  The 31 most-significant bit(s) in the expression will be dangling if they have no other fanouts. ;
; i1[-1] ; Input ; Info     ; Stuck at GND                                                                                                                                                                       ;
+--------+-------+----------+------------------------------------------------------------------------------------------------------------------------------------------------------------------------------------+


+----------------------------------------------------------------------------------------------------------------------------------------------------------------------------------------------------------------+
; Port Connectivity Checks: "sll:barrel_shifter|mux:m_2_15"                                                                                                                                                      ;
+--------+-------+----------+------------------------------------------------------------------------------------------------------------------------------------------------------------------------------------+
; Port   ; Type  ; Severity ; Details                                                                                                                                                                            ;
+--------+-------+----------+------------------------------------------------------------------------------------------------------------------------------------------------------------------------------------+
; i1     ; Input ; Warning  ; Input port expression (32 bits) is wider than the input port (1 bits) it drives.  The 31 most-significant bit(s) in the expression will be dangling if they have no other fanouts. ;
; i1[-1] ; Input ; Info     ; Stuck at GND                                                                                                                                                                       ;
+--------+-------+----------+------------------------------------------------------------------------------------------------------------------------------------------------------------------------------------+


+----------------------------------------------------------------------------------------------------------------------------------------------------------------------------------------------------------------+
; Port Connectivity Checks: "sll:barrel_shifter|mux:m_3_8"                                                                                                                                                       ;
+--------+-------+----------+------------------------------------------------------------------------------------------------------------------------------------------------------------------------------------+
; Port   ; Type  ; Severity ; Details                                                                                                                                                                            ;
+--------+-------+----------+------------------------------------------------------------------------------------------------------------------------------------------------------------------------------------+
; i1     ; Input ; Warning  ; Input port expression (32 bits) is wider than the input port (1 bits) it drives.  The 31 most-significant bit(s) in the expression will be dangling if they have no other fanouts. ;
; i1[-1] ; Input ; Info     ; Stuck at GND                                                                                                                                                                       ;
+--------+-------+----------+------------------------------------------------------------------------------------------------------------------------------------------------------------------------------------+


+----------------------------------------------------------------------------------------------------------------------------------------------------------------------------------------------------------------+
; Port Connectivity Checks: "sll:barrel_shifter|mux:m_3_9"                                                                                                                                                       ;
+--------+-------+----------+------------------------------------------------------------------------------------------------------------------------------------------------------------------------------------+
; Port   ; Type  ; Severity ; Details                                                                                                                                                                            ;
+--------+-------+----------+------------------------------------------------------------------------------------------------------------------------------------------------------------------------------------+
; i1     ; Input ; Warning  ; Input port expression (32 bits) is wider than the input port (1 bits) it drives.  The 31 most-significant bit(s) in the expression will be dangling if they have no other fanouts. ;
; i1[-1] ; Input ; Info     ; Stuck at GND                                                                                                                                                                       ;
+--------+-------+----------+------------------------------------------------------------------------------------------------------------------------------------------------------------------------------------+


+----------------------------------------------------------------------------------------------------------------------------------------------------------------------------------------------------------------+
; Port Connectivity Checks: "sll:barrel_shifter|mux:m_3_10"                                                                                                                                                      ;
+--------+-------+----------+------------------------------------------------------------------------------------------------------------------------------------------------------------------------------------+
; Port   ; Type  ; Severity ; Details                                                                                                                                                                            ;
+--------+-------+----------+------------------------------------------------------------------------------------------------------------------------------------------------------------------------------------+
; i1     ; Input ; Warning  ; Input port expression (32 bits) is wider than the input port (1 bits) it drives.  The 31 most-significant bit(s) in the expression will be dangling if they have no other fanouts. ;
; i1[-1] ; Input ; Info     ; Stuck at GND                                                                                                                                                                       ;
+--------+-------+----------+------------------------------------------------------------------------------------------------------------------------------------------------------------------------------------+


+----------------------------------------------------------------------------------------------------------------------------------------------------------------------------------------------------------------+
; Port Connectivity Checks: "sll:barrel_shifter|mux:m_3_11"                                                                                                                                                      ;
+--------+-------+----------+------------------------------------------------------------------------------------------------------------------------------------------------------------------------------------+
; Port   ; Type  ; Severity ; Details                                                                                                                                                                            ;
+--------+-------+----------+------------------------------------------------------------------------------------------------------------------------------------------------------------------------------------+
; i1     ; Input ; Warning  ; Input port expression (32 bits) is wider than the input port (1 bits) it drives.  The 31 most-significant bit(s) in the expression will be dangling if they have no other fanouts. ;
; i1[-1] ; Input ; Info     ; Stuck at GND                                                                                                                                                                       ;
+--------+-------+----------+------------------------------------------------------------------------------------------------------------------------------------------------------------------------------------+


+----------------------------------------------------------------------------------------------------------------------------------------------------------------------------------------------------------------+
; Port Connectivity Checks: "sll:barrel_shifter|mux:m_3_12"                                                                                                                                                      ;
+--------+-------+----------+------------------------------------------------------------------------------------------------------------------------------------------------------------------------------------+
; Port   ; Type  ; Severity ; Details                                                                                                                                                                            ;
+--------+-------+----------+------------------------------------------------------------------------------------------------------------------------------------------------------------------------------------+
; i1     ; Input ; Warning  ; Input port expression (32 bits) is wider than the input port (1 bits) it drives.  The 31 most-significant bit(s) in the expression will be dangling if they have no other fanouts. ;
; i1[-1] ; Input ; Info     ; Stuck at GND                                                                                                                                                                       ;
+--------+-------+----------+------------------------------------------------------------------------------------------------------------------------------------------------------------------------------------+


+----------------------------------------------------------------------------------------------------------------------------------------------------------------------------------------------------------------+
; Port Connectivity Checks: "sll:barrel_shifter|mux:m_3_13"                                                                                                                                                      ;
+--------+-------+----------+------------------------------------------------------------------------------------------------------------------------------------------------------------------------------------+
; Port   ; Type  ; Severity ; Details                                                                                                                                                                            ;
+--------+-------+----------+------------------------------------------------------------------------------------------------------------------------------------------------------------------------------------+
; i1     ; Input ; Warning  ; Input port expression (32 bits) is wider than the input port (1 bits) it drives.  The 31 most-significant bit(s) in the expression will be dangling if they have no other fanouts. ;
; i1[-1] ; Input ; Info     ; Stuck at GND                                                                                                                                                                       ;
+--------+-------+----------+------------------------------------------------------------------------------------------------------------------------------------------------------------------------------------+


+----------------------------------------------------------------------------------------------------------------------------------------------------------------------------------------------------------------+
; Port Connectivity Checks: "sll:barrel_shifter|mux:m_3_14"                                                                                                                                                      ;
+--------+-------+----------+------------------------------------------------------------------------------------------------------------------------------------------------------------------------------------+
; Port   ; Type  ; Severity ; Details                                                                                                                                                                            ;
+--------+-------+----------+------------------------------------------------------------------------------------------------------------------------------------------------------------------------------------+
; i1     ; Input ; Warning  ; Input port expression (32 bits) is wider than the input port (1 bits) it drives.  The 31 most-significant bit(s) in the expression will be dangling if they have no other fanouts. ;
; i1[-1] ; Input ; Info     ; Stuck at GND                                                                                                                                                                       ;
+--------+-------+----------+------------------------------------------------------------------------------------------------------------------------------------------------------------------------------------+


+----------------------------------------------------------------------------------------------------------------------------------------------------------------------------------------------------------------+
; Port Connectivity Checks: "sll:barrel_shifter|mux:m_3_15"                                                                                                                                                      ;
+--------+-------+----------+------------------------------------------------------------------------------------------------------------------------------------------------------------------------------------+
; Port   ; Type  ; Severity ; Details                                                                                                                                                                            ;
+--------+-------+----------+------------------------------------------------------------------------------------------------------------------------------------------------------------------------------------+
; i1     ; Input ; Warning  ; Input port expression (32 bits) is wider than the input port (1 bits) it drives.  The 31 most-significant bit(s) in the expression will be dangling if they have no other fanouts. ;
; i1[-1] ; Input ; Info     ; Stuck at GND                                                                                                                                                                       ;
+--------+-------+----------+------------------------------------------------------------------------------------------------------------------------------------------------------------------------------------+


+-----------------------------------------------------+
; Post-Synthesis Netlist Statistics for Top Partition ;
+-----------------------+-----------------------------+
; Type                  ; Count                       ;
+-----------------------+-----------------------------+
; arriav_ff             ; 4338                        ;
;     ENA               ; 4320                        ;
;     plain             ; 18                          ;
; arriav_lcell_comb     ; 3193                        ;
;     arith             ; 66                          ;
;         0 data inputs ; 2                           ;
;         1 data inputs ; 24                          ;
;         3 data inputs ; 1                           ;
;         5 data inputs ; 39                          ;
;     extend            ; 15                          ;
;         7 data inputs ; 15                          ;
;     normal            ; 3112                        ;
;         0 data inputs ; 1                           ;
;         1 data inputs ; 1175                        ;
;         2 data inputs ; 15                          ;
;         3 data inputs ; 48                          ;
;         4 data inputs ; 45                          ;
;         5 data inputs ; 307                         ;
;         6 data inputs ; 1521                        ;
; boundary_port         ; 280                         ;
;                       ;                             ;
; Max LUT depth         ; 13.50                       ;
; Average LUT depth     ; 7.59                        ;
+-----------------------+-----------------------------+


+-------------------------------+
; Elapsed Time Per Partition    ;
+----------------+--------------+
; Partition Name ; Elapsed Time ;
+----------------+--------------+
; Top            ; 00:00:07     ;
+----------------+--------------+


+-------------------------------+
; Analysis & Synthesis Messages ;
+-------------------------------+
Info: *******************************************************************
Info: Running Quartus Prime Analysis & Synthesis
    Info: Version 19.1.0 Build 670 09/22/2019 SJ Lite Edition
    Info: Processing started: Sat Apr 09 22:20:53 2022
Info: Command: quartus_map --read_settings_files=on --write_settings_files=off pd_project1 -c pd_project1
Warning (18236): Number of processors has not been specified which may cause overloading on shared machines.  Set the global assignment NUM_PARALLEL_PROCESSORS in your QSF to an appropriate value for best performance.
Info (20030): Parallel compilation is enabled and will use 4 of the 4 processors detected
Info (12021): Found 1 design units, including 1 entities, in source file v/ctrl_unit.v
    Info (12023): Found entity 1: ctrl_unit File: C:/Users/adity/Desktop/pd_project1/v/ctrl_unit.v Line: 1
Info (12021): Found 1 design units, including 1 entities, in source file v/mux16_8to1.v
    Info (12023): Found entity 1: mux16_8to1 File: C:/Users/adity/Desktop/pd_project1/v/mux16_8to1.v Line: 1
Info (12021): Found 1 design units, including 1 entities, in source file v/reg_file.v
    Info (12023): Found entity 1: reg_file File: C:/Users/adity/Desktop/pd_project1/v/reg_file.v Line: 1
Info (12021): Found 1 design units, including 1 entities, in source file v/sll.v
    Info (12023): Found entity 1: sll File: C:/Users/adity/Desktop/pd_project1/v/sll.v Line: 1
Info (12021): Found 1 design units, including 1 entities, in source file v/instr_mem.v
    Info (12023): Found entity 1: instr_mem File: C:/Users/adity/Desktop/pd_project1/v/instr_mem.v Line: 1
Info (12021): Found 1 design units, including 1 entities, in source file v/data_memory.v
    Info (12023): Found entity 1: data_memory File: C:/Users/adity/Desktop/pd_project1/v/data_memory.v Line: 1
Info (12021): Found 1 design units, including 1 entities, in source file v/control.v
    Info (12023): Found entity 1: control File: C:/Users/adity/Desktop/pd_project1/v/control.v Line: 1
Info (12021): Found 1 design units, including 1 entities, in source file v/alu.v
    Info (12023): Found entity 1: alu File: C:/Users/adity/Desktop/pd_project1/v/alu.v Line: 1
Warning (12090): Entity "mux" obtained from "v/mux.v" instead of from Quartus Prime megafunction library File: C:/Users/adity/Desktop/pd_project1/v/mux.v Line: 1
Info (12021): Found 1 design units, including 1 entities, in source file v/mux.v
    Info (12023): Found entity 1: mux File: C:/Users/adity/Desktop/pd_project1/v/mux.v Line: 1
Info (12021): Found 1 design units, including 1 entities, in source file v/add16.v
    Info (12023): Found entity 1: add16 File: C:/Users/adity/Desktop/pd_project1/v/add16.v Line: 1
Info (12021): Found 1 design units, including 1 entities, in source file v/sign_ext6.v
    Info (12023): Found entity 1: sign_ext6 File: C:/Users/adity/Desktop/pd_project1/v/sign_ext6.v Line: 1
Info (12021): Found 1 design units, including 1 entities, in source file v/sign_ext9.v
    Info (12023): Found entity 1: sign_ext9 File: C:/Users/adity/Desktop/pd_project1/v/sign_ext9.v Line: 1
Info (12021): Found 1 design units, including 1 entities, in source file pd_project1.bdf
    Info (12023): Found entity 1: pd_project1
Info (12021): Found 1 design units, including 1 entities, in source file v/mux16.v
    Info (12023): Found entity 1: mux16 File: C:/Users/adity/Desktop/pd_project1/v/mux16.v Line: 1
Info (12021): Found 1 design units, including 1 entities, in source file v/alu_op_ctrl.v
    Info (12023): Found entity 1: alu_op_ctrl File: C:/Users/adity/Desktop/pd_project1/v/alu_op_ctrl.v Line: 1
Info (12021): Found 1 design units, including 1 entities, in source file v/mux3.v
    Info (12023): Found entity 1: mux3 File: C:/Users/adity/Desktop/pd_project1/v/mux3.v Line: 1
Info (12021): Found 1 design units, including 1 entities, in source file test.bdf
    Info (12023): Found entity 1: test
Info (12021): Found 1 design units, including 1 entities, in source file v/pc.v
    Info (12023): Found entity 1: pc File: C:/Users/adity/Desktop/pd_project1/v/pc.v Line: 1
Info (12021): Found 1 design units, including 1 entities, in source file v/cz.v
    Info (12023): Found entity 1: cz File: C:/Users/adity/Desktop/pd_project1/v/cz.v Line: 1
Info (12021): Found 1 design units, including 1 entities, in source file v/mux16_4to1.v
    Info (12023): Found entity 1: mux16_4to1 File: C:/Users/adity/Desktop/pd_project1/v/mux16_4to1.v Line: 1
Info (12021): Found 1 design units, including 1 entities, in source file v/pc_inc.v
    Info (12023): Found entity 1: pc_inc File: C:/Users/adity/Desktop/pd_project1/v/pc_inc.v Line: 1
Info (12021): Found 1 design units, including 1 entities, in source file v/nop_wr.v
    Info (12023): Found entity 1: nop_wr File: C:/Users/adity/Desktop/pd_project1/v/nop_wr.v Line: 1
Info (12021): Found 1 design units, including 1 entities, in source file v/reg_file2.v
    Info (12023): Found entity 1: reg_file2 File: C:/Users/adity/Desktop/pd_project1/v/reg_file2.v Line: 1
Info (12021): Found 1 design units, including 1 entities, in source file v/nop_reg_wr.v
    Info (12023): Found entity 1: nop_reg_wr File: C:/Users/adity/Desktop/pd_project1/v/nop_reg_wr.v Line: 1
Warning (10236): Verilog HDL Implicit Net warning at sll.v(14): created implicit net for "y_3_15" File: C:/Users/adity/Desktop/pd_project1/v/sll.v Line: 14
Warning (10236): Verilog HDL Implicit Net warning at sll.v(14): created implicit net for "y_3_14" File: C:/Users/adity/Desktop/pd_project1/v/sll.v Line: 14
Warning (10236): Verilog HDL Implicit Net warning at sll.v(14): created implicit net for "y_3_13" File: C:/Users/adity/Desktop/pd_project1/v/sll.v Line: 14
Warning (10236): Verilog HDL Implicit Net warning at sll.v(14): created implicit net for "y_3_12" File: C:/Users/adity/Desktop/pd_project1/v/sll.v Line: 14
Warning (10236): Verilog HDL Implicit Net warning at sll.v(14): created implicit net for "y_3_11" File: C:/Users/adity/Desktop/pd_project1/v/sll.v Line: 14
Warning (10236): Verilog HDL Implicit Net warning at sll.v(14): created implicit net for "y_3_10" File: C:/Users/adity/Desktop/pd_project1/v/sll.v Line: 14
Warning (10236): Verilog HDL Implicit Net warning at sll.v(14): created implicit net for "y_3_9" File: C:/Users/adity/Desktop/pd_project1/v/sll.v Line: 14
Warning (10236): Verilog HDL Implicit Net warning at sll.v(14): created implicit net for "y_3_8" File: C:/Users/adity/Desktop/pd_project1/v/sll.v Line: 14
Warning (10236): Verilog HDL Implicit Net warning at sll.v(14): created implicit net for "y_3_7" File: C:/Users/adity/Desktop/pd_project1/v/sll.v Line: 14
Warning (10236): Verilog HDL Implicit Net warning at sll.v(14): created implicit net for "y_3_6" File: C:/Users/adity/Desktop/pd_project1/v/sll.v Line: 14
Warning (10236): Verilog HDL Implicit Net warning at sll.v(14): created implicit net for "y_3_5" File: C:/Users/adity/Desktop/pd_project1/v/sll.v Line: 14
Warning (10236): Verilog HDL Implicit Net warning at sll.v(14): created implicit net for "y_3_4" File: C:/Users/adity/Desktop/pd_project1/v/sll.v Line: 14
Warning (10236): Verilog HDL Implicit Net warning at sll.v(14): created implicit net for "y_3_3" File: C:/Users/adity/Desktop/pd_project1/v/sll.v Line: 14
Warning (10236): Verilog HDL Implicit Net warning at sll.v(14): created implicit net for "y_3_2" File: C:/Users/adity/Desktop/pd_project1/v/sll.v Line: 14
Warning (10236): Verilog HDL Implicit Net warning at sll.v(14): created implicit net for "y_3_1" File: C:/Users/adity/Desktop/pd_project1/v/sll.v Line: 14
Warning (10236): Verilog HDL Implicit Net warning at sll.v(14): created implicit net for "y_3_0" File: C:/Users/adity/Desktop/pd_project1/v/sll.v Line: 14
Warning (10236): Verilog HDL Implicit Net warning at sll.v(15): created implicit net for "y_2_15" File: C:/Users/adity/Desktop/pd_project1/v/sll.v Line: 15
Warning (10236): Verilog HDL Implicit Net warning at sll.v(15): created implicit net for "y_2_14" File: C:/Users/adity/Desktop/pd_project1/v/sll.v Line: 15
Warning (10236): Verilog HDL Implicit Net warning at sll.v(15): created implicit net for "y_2_13" File: C:/Users/adity/Desktop/pd_project1/v/sll.v Line: 15
Warning (10236): Verilog HDL Implicit Net warning at sll.v(15): created implicit net for "y_2_12" File: C:/Users/adity/Desktop/pd_project1/v/sll.v Line: 15
Warning (10236): Verilog HDL Implicit Net warning at sll.v(15): created implicit net for "y_2_11" File: C:/Users/adity/Desktop/pd_project1/v/sll.v Line: 15
Warning (10236): Verilog HDL Implicit Net warning at sll.v(15): created implicit net for "y_2_10" File: C:/Users/adity/Desktop/pd_project1/v/sll.v Line: 15
Warning (10236): Verilog HDL Implicit Net warning at sll.v(15): created implicit net for "y_2_9" File: C:/Users/adity/Desktop/pd_project1/v/sll.v Line: 15
Warning (10236): Verilog HDL Implicit Net warning at sll.v(15): created implicit net for "y_2_8" File: C:/Users/adity/Desktop/pd_project1/v/sll.v Line: 15
Warning (10236): Verilog HDL Implicit Net warning at sll.v(15): created implicit net for "y_2_7" File: C:/Users/adity/Desktop/pd_project1/v/sll.v Line: 15
Warning (10236): Verilog HDL Implicit Net warning at sll.v(15): created implicit net for "y_2_6" File: C:/Users/adity/Desktop/pd_project1/v/sll.v Line: 15
Warning (10236): Verilog HDL Implicit Net warning at sll.v(15): created implicit net for "y_2_5" File: C:/Users/adity/Desktop/pd_project1/v/sll.v Line: 15
Warning (10236): Verilog HDL Implicit Net warning at sll.v(15): created implicit net for "y_2_4" File: C:/Users/adity/Desktop/pd_project1/v/sll.v Line: 15
Warning (10236): Verilog HDL Implicit Net warning at sll.v(15): created implicit net for "y_2_3" File: C:/Users/adity/Desktop/pd_project1/v/sll.v Line: 15
Warning (10236): Verilog HDL Implicit Net warning at sll.v(15): created implicit net for "y_2_2" File: C:/Users/adity/Desktop/pd_project1/v/sll.v Line: 15
Warning (10236): Verilog HDL Implicit Net warning at sll.v(15): created implicit net for "y_2_1" File: C:/Users/adity/Desktop/pd_project1/v/sll.v Line: 15
Warning (10236): Verilog HDL Implicit Net warning at sll.v(15): created implicit net for "y_2_0" File: C:/Users/adity/Desktop/pd_project1/v/sll.v Line: 15
Warning (10236): Verilog HDL Implicit Net warning at sll.v(16): created implicit net for "y_1_15" File: C:/Users/adity/Desktop/pd_project1/v/sll.v Line: 16
Warning (10236): Verilog HDL Implicit Net warning at sll.v(16): created implicit net for "y_1_14" File: C:/Users/adity/Desktop/pd_project1/v/sll.v Line: 16
Warning (10236): Verilog HDL Implicit Net warning at sll.v(16): created implicit net for "y_1_13" File: C:/Users/adity/Desktop/pd_project1/v/sll.v Line: 16
Warning (10236): Verilog HDL Implicit Net warning at sll.v(16): created implicit net for "y_1_12" File: C:/Users/adity/Desktop/pd_project1/v/sll.v Line: 16
Warning (10236): Verilog HDL Implicit Net warning at sll.v(16): created implicit net for "y_1_11" File: C:/Users/adity/Desktop/pd_project1/v/sll.v Line: 16
Warning (10236): Verilog HDL Implicit Net warning at sll.v(16): created implicit net for "y_1_10" File: C:/Users/adity/Desktop/pd_project1/v/sll.v Line: 16
Warning (10236): Verilog HDL Implicit Net warning at sll.v(16): created implicit net for "y_1_9" File: C:/Users/adity/Desktop/pd_project1/v/sll.v Line: 16
Warning (10236): Verilog HDL Implicit Net warning at sll.v(16): created implicit net for "y_1_8" File: C:/Users/adity/Desktop/pd_project1/v/sll.v Line: 16
Warning (10236): Verilog HDL Implicit Net warning at sll.v(16): created implicit net for "y_1_7" File: C:/Users/adity/Desktop/pd_project1/v/sll.v Line: 16
Warning (10236): Verilog HDL Implicit Net warning at sll.v(16): created implicit net for "y_1_6" File: C:/Users/adity/Desktop/pd_project1/v/sll.v Line: 16
Warning (10236): Verilog HDL Implicit Net warning at sll.v(16): created implicit net for "y_1_5" File: C:/Users/adity/Desktop/pd_project1/v/sll.v Line: 16
Warning (10236): Verilog HDL Implicit Net warning at sll.v(16): created implicit net for "y_1_4" File: C:/Users/adity/Desktop/pd_project1/v/sll.v Line: 16
Warning (10236): Verilog HDL Implicit Net warning at sll.v(16): created implicit net for "y_1_3" File: C:/Users/adity/Desktop/pd_project1/v/sll.v Line: 16
Warning (10236): Verilog HDL Implicit Net warning at sll.v(16): created implicit net for "y_1_2" File: C:/Users/adity/Desktop/pd_project1/v/sll.v Line: 16
Warning (10236): Verilog HDL Implicit Net warning at sll.v(16): created implicit net for "y_1_1" File: C:/Users/adity/Desktop/pd_project1/v/sll.v Line: 16
Warning (10236): Verilog HDL Implicit Net warning at sll.v(16): created implicit net for "y_1_0" File: C:/Users/adity/Desktop/pd_project1/v/sll.v Line: 16
Info (12127): Elaborating entity "pd_project1" for the top level hierarchy
Info (12128): Elaborating entity "cz" for hierarchy "cz:cz_reg"
Info (12128): Elaborating entity "alu" for hierarchy "alu:alu"
Info (12128): Elaborating entity "mux16" for hierarchy "mux16:m5"
Info (12128): Elaborating entity "ctrl_unit" for hierarchy "ctrl_unit:ctrl_block"
Info (12128): Elaborating entity "instr_mem" for hierarchy "instr_mem:instr_memory"
Warning (10030): Net "rom.data_a" at instr_mem.v(19) has no driver or initial value, using a default initial value '0' File: C:/Users/adity/Desktop/pd_project1/v/instr_mem.v Line: 19
Warning (10030): Net "rom.waddr_a" at instr_mem.v(19) has no driver or initial value, using a default initial value '0' File: C:/Users/adity/Desktop/pd_project1/v/instr_mem.v Line: 19
Warning (10030): Net "rom.we_a" at instr_mem.v(19) has no driver or initial value, using a default initial value '0' File: C:/Users/adity/Desktop/pd_project1/v/instr_mem.v Line: 19
Info (12128): Elaborating entity "pc" for hierarchy "pc:prog_counter"
Info (12128): Elaborating entity "mux16_8to1" for hierarchy "mux16_8to1:m7"
Info (12128): Elaborating entity "pc_inc" for hierarchy "pc_inc:pc_incrementer"
Info (12128): Elaborating entity "add16" for hierarchy "add16:add1"
Info (12128): Elaborating entity "sign_ext9" for hierarchy "sign_ext9:sgn_ext_imm9"
Info (12128): Elaborating entity "sign_ext6" for hierarchy "sign_ext6:sgn_ext_imm6"
Info (12128): Elaborating entity "reg_file" for hierarchy "reg_file:register_file"
Info (12128): Elaborating entity "nop_reg_wr" for hierarchy "nop_reg_wr:inst12"
Info (12128): Elaborating entity "alu_op_ctrl" for hierarchy "alu_op_ctrl:alu_control_unit"
Info (12128): Elaborating entity "mux3" for hierarchy "mux3:m2"
Info (12128): Elaborating entity "mux16_4to1" for hierarchy "mux16_4to1:m8"
Info (12128): Elaborating entity "data_memory" for hierarchy "data_memory:data_mem"
Warning (10230): Verilog HDL assignment warning at data_memory.v(25): truncated value with size 32 to match size of target (16) File: C:/Users/adity/Desktop/pd_project1/v/data_memory.v Line: 25
Info (12128): Elaborating entity "sll" for hierarchy "sll:barrel_shifter"
Info (12128): Elaborating entity "mux" for hierarchy "sll:barrel_shifter|mux:m_3_15" File: C:/Users/adity/Desktop/pd_project1/v/sll.v Line: 14
Info (12128): Elaborating entity "nop_wr" for hierarchy "nop_wr:c_nop_wr"
Info (12128): Elaborating entity "reg_file2" for hierarchy "reg_file2:inst"
Info (276014): Found 3 instances of uninferred RAM logic
    Info (276007): RAM logic "data_memory:data_mem|ram" is uninferred due to asynchronous read logic File: C:/Users/adity/Desktop/pd_project1/v/data_memory.v Line: 19
    Info (276007): RAM logic "reg_file:register_file|reg_array" is uninferred due to asynchronous read logic File: C:/Users/adity/Desktop/pd_project1/v/reg_file.v Line: 18
    Info (276004): RAM logic "instr_mem:instr_memory|rom" is uninferred due to inappropriate RAM size File: C:/Users/adity/Desktop/pd_project1/v/instr_mem.v Line: 19
Critical Warning (127005): Memory depth (8) in the design file differs from memory depth (7) in the Memory Initialization File "C:/Users/adity/Desktop/pd_project1/db/pd_project1.ram0_reg_file_c5668544.hdl.mif" -- setting initial value for remaining addresses to 0
Warning (12241): 15 hierarchies have connectivity warnings - see the Connectivity Checks report folder
Warning (13024): Output pins are stuck at VCC or GND
    Warning (13410): Pin "instr[5]" is stuck at GND
Info (286030): Timing-Driven Synthesis is running
Info (16010): Generating hard_block partition "hard_block:auto_generated_inst"
    Info (16011): Adding 0 node(s), including 0 DDIO, 0 PLL, 0 transceiver and 0 LCELL
Info (21057): Implemented 6617 device resources after synthesis - the final resource count might be different
    Info (21058): Implemented 1 input pins
    Info (21059): Implemented 279 output pins
    Info (21061): Implemented 6337 logic cells
Info: Quartus Prime Analysis & Synthesis was successful. 0 errors, 58 warnings
    Info: Peak virtual memory: 4854 megabytes
    Info: Processing ended: Sat Apr 09 22:21:12 2022
    Info: Elapsed time: 00:00:19
    Info: Total CPU time (on all processors): 00:00:27


